/*C5*/SET SCHEMA PUBLIC
create table if not exists Pages (Id integer identity primary key, Name varchar(255) unique, Content clob)
/*C1*/SET SCHEMA SYSTEM_LOBS
INSERT INTO LOB_IDS VALUES(13,49,0,40)
ALTER SEQUENCE SYSTEM_LOBS.LOB_ID RESTART WITH 14
COMMIT
DELETE FROM BLOCKS WHERE BLOCK_ADDR=12
INSERT INTO BLOCKS VALUES(12,1,0)
INSERT INTO BLOCKS VALUES(13,2147483634,0)
DELETE FROM BLOCKS WHERE BLOCK_ADDR=12
INSERT INTO LOBS VALUES(12,1,0,13)
COMMIT
/*C5*/INSERT INTO PAGES VALUES(1,'SteelSerieses',13)
SET SCHEMA SYSTEM_LOBS
DELETE FROM LOB_IDS WHERE LOB_ID=13
INSERT INTO LOB_IDS VALUES(13,49,1,40)
COMMIT
/*C1*/INSERT INTO LOB_IDS VALUES(14,472,0,40)
ALTER SEQUENCE SYSTEM_LOBS.LOB_ID RESTART WITH 15
COMMIT
DELETE FROM BLOCKS WHERE BLOCK_ADDR=13
INSERT INTO BLOCKS VALUES(13,1,0)
INSERT INTO BLOCKS VALUES(14,2147483633,0)
DELETE FROM BLOCKS WHERE BLOCK_ADDR=13
INSERT INTO LOBS VALUES(13,1,0,14)
COMMIT
/*C5*/SET SCHEMA PUBLIC
DELETE FROM PAGES WHERE ID=0
INSERT INTO PAGES VALUES(0,'Apples',14)
SET SCHEMA SYSTEM_LOBS
DELETE FROM LOB_IDS WHERE LOB_ID=12
INSERT INTO LOB_IDS VALUES(12,478,0,40)
DELETE FROM LOB_IDS WHERE LOB_ID=14
INSERT INTO LOB_IDS VALUES(14,472,1,40)
COMMIT
SET SCHEMA PUBLIC
DELETE FROM PAGES WHERE ID=1
SET SCHEMA SYSTEM_LOBS
DELETE FROM LOB_IDS WHERE LOB_ID=13
INSERT INTO LOB_IDS VALUES(13,49,0,40)
COMMIT
/*C7*/SET SCHEMA PUBLIC
DISCONNECT
/*C5*/SET SCHEMA PUBLIC
DISCONNECT
/*C6*/SET SCHEMA PUBLIC
DISCONNECT
